170128  500 - POST /login
170128  404 - POST /login
170128  500 - POST /signup
176039  200 - POST /signup
176039  200 - POST /login
176039  404 - POST /login
176039  404 - POST /login
176039  200 - POST /login
1107324  200 - POST /login
1112618  200 - POST /login
1112618  200 - POST /login
1176019  404 - POST /login
1183900  404 - POST /login
1183900  404 - POST /login
1186249  500 - POST /login
1188250  200 - POST /login
1188250  200 - GET /stupid
1188250  401 - GET /stupid
1188250  200 - POST /login
1188250  200 - GET /stupid
1191522  200 - GET /stupid
1191522  401 - GET /stupid
1191522  401 - GET /stupid
1191522  200 - POST /login
1191522  200 - GET /stupid
1191522  401 - GET /stupid
1198927  200 - POST /login
1198927  200 - GET /stupid
1198927  500 - GET /stupid
1201400  200 - POST /login
1201400  200 - GET /stupid
1201400  200 - GET /stupid
1201400  200 - GET /stupid
1203744  200 - GET /stupid
1203744  200 - GET /stupid
1203744  200 - GET /stupid
1205059  200 - GET /stupid
1205059  200 - POST /login
1205059  200 - GET /stupid
1205059  200 - GET /stupid
1205059  200 - GET /stupid
1205059  401 - GET /stupid
1205059  200 - POST /login
1270145  401 - GET /stupid
1270145  200 - POST /login
1270145  200 - GET /stupid
1270145  401 - GET /stupid
1270145  200 - POST /login
1270145  200 - GET /stupid
1364833  200 - POST /login
1364833  200 - GET /stupid
1364833  200 - GET /stupid
1380308  404 - GET /stupid
1380308  200 - GET /logout
23270  200 - POST /login -
23270  200 - GET /logout -
109036  404 - POST /signup Cannot POST /signup
109036  500 - POST /admin/signup -
109036  500 - POST /admin/signup -
112852  500 - POST /admin/signup -
113505  500 - POST /admin/signup -
117524  200 - POST /admin/signup -
117524  404 - POST /login Cannot POST /login
117524  404 - POST /login Cannot POST /login
117524  200 - POST /admin/login -
117524  404 - GET /favicon.ico Cannot GET /favicon.ico
81530  200 - POST /admin/signup -
86929  200 - POST /admin/signup -
91998  200 - POST /admin/signup -
92790  500 - POST /admin/signup -
99407  200 - POST /admin/signup -
162507  200 - POST /admin/login -
162507  404 - GET /logout Cannot GET /logout
162507  200 - GET /admin/logout -
162507  200 - POST /admin/login -
21244  405 - OPTIONS /admin/login Method Not Allowed
35186  204 - OPTIONS /admin/login -
35186  404 - POST /admin/login -
35186  204 - OPTIONS /admin/login -
35186  404 - POST /admin/login -
35186  204 - OPTIONS /admin/login -
35186  400 - POST /admin/login -
35186  204 - OPTIONS /admin/login -
35186  400 - POST /admin/login -
35186  204 - OPTIONS /admin/login -
35186  200 - POST /admin/login -
35186  204 - OPTIONS /admin/login -
35186  200 - POST /admin/login -
229274  200 - POST /admin/signup -
229274  200 - POST /admin/login -
229274  400 - POST /admin/login -
74532  200 - POST /admin/login -
74532  401 - GET /admin/ -
76100  200 - POST /admin/login -
76100  401 - GET /admin/ -
77007  200 - POST /admin/login -
77007  401 - GET /admin/ -
78106  200 - POST /admin/login -
78106  401 - GET /admin/ -
78106  200 - GET /admin/logout -
78106  200 - POST /admin/login -
78106  200 - GET /admin/logout -
78106  200 - POST /admin/login -
78106  401 - GET /admin -
78106  401 - GET /admin -
84062  401 - GET /admin -
84062  401 - GET /admin -
84062  401 - GET /admin -
87414  401 - GET /admin -
95939  401 - GET /admin -
100808  401 - GET /admin -
118594  200 - POST /admin/login -
118594  200 - GET /admin -
128023  200 - POST /admin/login -
212823  200 - POST /admin/login -
212823  200 - GET /admin -
212823  401 - GET /admin -
215201  200 - GET /admin -
215201  200 - GET /admin/logout -
219469  200 - POST /admin/login -
219469  200 - POST /admin/logout -
235755  405 - POST /admin/logout Method Not Allowed
235755  200 - GET /admin/logout -
240215  401 - GET /admin/logout -
240215  200 - POST /admin/login -
241163  200 - POST /admin/login -
245199  200 - POST /admin/login -
187595  200 - POST /admin/login -
187595  401 - GET /admin/ -
187595  401 - GET /admin/ -
187595  200 - POST /admin/login -
187595  401 - GET /admin/ -
190243  401 - GET /admin/ -
190243  401 - GET /admin/ -
192588  401 - GET /admin/ -
193420  401 - GET /admin/ -
193420  401 - GET /admin/ -
193819  401 - GET /admin/ -
193819  401 - GET /admin/ -
195717  200 - POST /admin/login -
195717  401 - GET /admin/ -
195717  200 - POST /admin/login -
195717  200 - POST /admin/login -
195717  200 - POST /admin/login -
195717  401 - GET /admin/ -
197279  401 - GET /admin/ -
197942  401 - GET /admin/ -
200125  401 - GET /admin/ -
200125  200 - POST /admin/login -
200125  401 - GET /admin/ -
201497  401 - GET /admin/ -
208399  200 - POST /admin/login -
210233  200 - POST /admin/login -
212828  200 - POST /admin/login -
217649  401 - GET /admin/ -
217649  200 - POST /admin/login -
217649  500 - GET /admin/ -
219219  500 - GET /admin/ -
219995  500 - GET /admin/ -
220689  500 - GET /admin/ -
221417  500 - GET /admin/ -
222342  500 - GET /admin/ -
223122  500 - GET /admin/ -
224405  500 - GET /admin/ -
225388  500 - GET /admin/ -
237179  500 - GET /admin/ -
237179  200 - POST /admin/login -
237179  500 - GET /admin/ -
238850  500 - GET /admin/ -
239591  500 - GET /admin/ -
240156  500 - GET /admin/ -
241386  500 - GET /admin/ -
245246  500 - GET /admin/ -
247251  500 - GET /admin/ -
247912  500 - GET /admin/ -
251929  401 - GET /admin/ -
251929  200 - POST /admin/login -
251929  200 - GET /admin/ -
253555  401 - GET /admin/ -
255728  401 - GET /admin/ -
256482  200 - GET /admin/ -
307661  200 - POST /admin/login -
307661  401 - GET /admin/ -
309005  401 - GET /admin/ -
312829  200 - GET /admin/ -
355619  200 - POST /admin/login -
355619  200 - GET /admin/ -
356398  401 - GET /admin/ -
9013  200 - POST /admin/login -
9013  401 - GET /admin/ -
11876  401 - GET /admin/ -
13851  200 - POST /admin/login -
13851  401 - GET /admin/ -
15654  401 - GET /admin/ -
19440  401 - GET /admin/ -
21099  401 - GET /admin/ -
22822  401 - GET /admin/ -
66202  200 - POST /admin/login -
66202  200 - GET /admin/ -
68606  200 - POST /admin/login -
68606  401 - GET /admin/ -
68606  401 - GET /admin/ -
80301  200 - GET /admin/ -
82343  200 - GET /admin/ -
82343  401 - GET /admin/ -
84205  401 - GET /admin/ -
84205  200 - POST /admin/login -
84205  200 - GET /admin/ -
84205  200 - GET /admin/ -
84205  200 - POST /admin/login -
84205  200 - GET /admin/ -
84205  200 - GET /admin/ -
84205  200 - GET /admin/ -
84205  200 - GET /admin/ -
84205  200 - GET /admin/ -
85496  500 - GET /admin/ test
93390  200 - GET /admin/ -
93390  200 - GET /admin/ -
93390  200 - GET /admin/ -
93390  200 - GET /admin/ -
93390  200 - GET /admin/ -
131154  401 - GET /admin -
131154  401 - GET /admin -
131154  401 - GET /admin -
131154  401 - GET /admin -
131154  204 - OPTIONS /admin/login -
131154  200 - POST /admin/login -
134903  204 - OPTIONS /admin/login -
134903  200 - POST /admin/login -
134903  401 - GET /admin -
134903  401 - GET /admin -
134903  401 - GET /admin -
134903  401 - GET /admin -
134903  204 - OPTIONS /admin/login -
134903  200 - POST /admin/login -
134903  401 - GET /admin -
134903  401 - GET /admin -
134903  204 - OPTIONS /admin/login -
134903  200 - POST /admin/login -
140081  401 - GET /admin -
140081  401 - GET /admin -
140081  204 - OPTIONS /admin/login -
140081  200 - POST /admin/login -
140081  401 - GET /admin -
140081  401 - GET /admin -
140081  401 - GET /admin -
140081  401 - GET /admin -
140081  204 - OPTIONS /admin/login -
140081  200 - POST /admin/login -
140081  401 - GET /admin -
140081  401 - GET /admin -
140081  200 - GET /admin -
140081  401 - GET /admin -
140081  200 - GET /admin -
140081  401 - GET /admin -
140081  204 - OPTIONS /admin/login -
140081  200 - POST /admin/login -
145190  204 - OPTIONS /admin/login -
145190  204 - OPTIONS /admin/login -
146453  204 - OPTIONS /admin/login -
146453  200 - POST /admin/login -
146453  200 - GET /admin -
146453  401 - GET /admin -
146453  200 - GET /admin -
146453  401 - GET /admin -
146453  200 - GET /admin -
146453  401 - GET /admin -
146453  200 - GET /admin -
146453  200 - GET /admin -
146453  200 - GET /admin -
146453  401 - GET /admin -
146453  200 - GET /admin -
146453  401 - GET /admin -
146453  200 - GET /admin -
146453  200 - GET /admin -
146453  204 - OPTIONS /admin/login -
146453  200 - POST /admin/login -
146453  401 - GET /admin -
146453  401 - GET /admin -
146453  401 - GET /admin -
146453  401 - GET /admin -
146453  401 - GET /admin -
146453  401 - GET /admin -
146453  401 - GET /admin -
146453  401 - GET /admin -
146453  401 - GET /admin -
146453  401 - GET /admin -
146453  401 - GET /admin -
146453  401 - GET /admin -
146453  401 - GET /admin -
146453  401 - GET /admin -
146453  401 - GET /admin -
146453  401 - GET /admin -
146453  401 - GET /admin -
146453  401 - GET /admin -
146453  401 - GET /admin -
146453  401 - GET /admin -
146453  401 - GET /admin -
146453  401 - GET /admin -
146453  401 - GET /admin -
146453  401 - GET /admin -
146453  401 - GET /admin -
146453  401 - GET /admin -
146453  401 - GET /admin -
146453  401 - GET /admin -
146453  401 - GET /admin -
146453  401 - GET /admin -
146453  401 - GET /admin -
146453  401 - GET /admin -
146453  204 - OPTIONS /admin/login -
146453  200 - POST /admin/login -
146453  204 - OPTIONS /admin/login -
146453  200 - POST /admin/login -
146453  200 - GET /admin -
146453  401 - GET /admin -
146453  200 - GET /admin -
146453  401 - GET /admin -
146453  200 - GET /admin -
146453  401 - GET /admin -
146453  204 - OPTIONS /admin/login -
146453  200 - POST /admin/login -
146453  200 - GET /admin -
146453  401 - GET /admin -
146453  200 - GET /admin -
146453  401 - GET /admin -
146453  200 - GET /admin -
146453  200 - GET /admin -
146453  200 - GET /admin -
146453  401 - GET /admin -
146453  204 - OPTIONS /admin/login -
146453  200 - POST /admin/login -
146453  200 - GET /admin -
146453  401 - GET /admin -
146453  200 - GET /admin -
146453  401 - GET /admin -
146453  200 - GET /admin -
146453  200 - GET /admin -
146453  200 - GET /admin -
146453  401 - GET /admin -
146453  200 - GET /admin -
146453  200 - GET /admin -
146453  200 - GET /admin -
146453  401 - GET /admin -
146453  200 - GET /admin -
146453  200 - GET /admin -
146453  401 - GET /admin -
146453  200 - GET /admin -
146453  401 - GET /admin -
146453  200 - GET /admin -
146453  401 - GET /admin -
146453  200 - GET /admin -
146453  401 - GET /admin -
146453  200 - GET /admin -
146453  401 - GET /admin -
146453  200 - GET /admin -
146453  401 - GET /admin -
146453  200 - GET /admin -
146453  401 - GET /admin -
146453  200 - GET /admin -
146453  401 - GET /admin -
146453  200 - GET /admin -
146453  401 - GET /admin -
146453  200 - GET /admin -
146453  401 - GET /admin -
146453  200 - GET /admin -
146453  401 - GET /admin -
146453  200 - GET /admin -
146453  401 - GET /admin -
146453  200 - GET /admin -
146453  401 - GET /admin -
146453  401 - GET /admin -
146453  401 - GET /admin -
146453  200 - GET /admin -
146453  401 - GET /admin -
146453  200 - GET /admin -
146453  401 - GET /admin -
146453  401 - GET /admin -
146453  401 - GET /admin -
146453  200 - GET /admin -
146453  401 - GET /admin -
146453  401 - GET /admin -
146453  401 - GET /admin -
146453  200 - GET /admin -
146453  401 - GET /admin -
146453  401 - GET /admin -
146453  200 - GET /admin -
146453  401 - GET /admin -
146453  401 - GET /admin -
146453  200 - GET /admin -
146453  401 - GET /admin -
146453  401 - GET /admin -
146453  401 - GET /admin -
146453  200 - GET /admin -
146453  401 - GET /admin -
146453  200 - GET /admin -
146453  200 - GET /admin -
146453  200 - GET /admin -
146453  401 - GET /admin -
146453  200 - GET /admin -
146453  200 - GET /admin -
146453  401 - GET /admin -
146453  200 - GET /admin -
146453  401 - GET /admin -
146453  200 - GET /admin -
146453  401 - GET /admin -
146453  401 - GET /admin -
146453  401 - GET /admin -
146453  200 - GET /admin -
146453  401 - GET /admin -
146453  401 - GET /admin -
146453  401 - GET /admin -
146453  200 - GET /admin -
146453  401 - GET /admin -
146453  401 - GET /admin -
146453  401 - GET /admin -
146453  200 - GET /admin -
146453  401 - GET /admin -
146453  401 - GET /admin -
146453  401 - GET /admin -
146453  200 - GET /admin -
146453  401 - GET /admin -
146453  401 - GET /admin -
146453  401 - GET /admin -
146453  200 - GET /admin -
146453  401 - GET /admin -
146453  401 - GET /admin -
146453  401 - GET /admin -
146453  200 - GET /admin -
146453  401 - GET /admin -
146453  401 - GET /admin -
146453  401 - GET /admin -
146453  401 - GET /admin -
146453  401 - GET /admin -
146453  200 - GET /admin -
146453  401 - GET /admin -
146453  200 - GET /admin -
146453  200 - GET /admin -
146453  401 - GET /admin -
146453  401 - GET /admin -
146453  200 - GET /admin -
146453  401 - GET /admin -
146453  401 - GET /admin -
146453  401 - GET /admin -
146453  401 - GET /admin -
146453  401 - GET /admin -
146453  200 - GET /admin -
146453  401 - GET /admin -
146453  401 - GET /admin -
146453  401 - GET /admin -
146453  401 - GET /admin -
146453  401 - GET /admin -
146453  200 - GET /admin -
146453  401 - GET /admin -
146453  401 - GET /admin -
146453  401 - GET /admin -
146453  200 - GET /admin -
146453  401 - GET /admin -
146453  401 - GET /admin -
146453  200 - GET /admin -
146453  401 - GET /admin -
146453  401 - GET /admin -
146453  401 - GET /admin -
146453  200 - GET /admin -
146453  401 - GET /admin -
146453  401 - GET /admin -
146453  401 - GET /admin -
146453  401 - GET /admin -
146453  200 - GET /admin -
146453  401 - GET /admin -
146453  401 - GET /admin -
146453  401 - GET /admin -
146453  200 - GET /admin -
146453  401 - GET /admin -
146453  401 - GET /admin -
146453  401 - GET /admin -
146453  200 - GET /admin -
146453  401 - GET /admin -
146453  200 - GET /admin -
146453  401 - GET /admin -
146453  200 - GET /admin -
146453  401 - GET /admin -
146453  200 - GET /admin -
146453  401 - GET /admin -
146453  200 - GET /admin -
146453  401 - GET /admin -
146453  200 - GET /admin -
146453  401 - GET /admin -
146453  200 - GET /admin -
146453  401 - GET /admin -
146453  200 - GET /admin -
146453  401 - GET /admin -
146453  200 - GET /admin -
146453  401 - GET /admin -
146453  200 - GET /admin -
146453  401 - GET /admin -
146453  200 - GET /admin -
146453  401 - GET /admin -
146453  200 - GET /admin -
146453  401 - GET /admin -
146453  200 - GET /admin -
146453  401 - GET /admin -
146453  200 - GET /admin -
146453  401 - GET /admin -
146453  200 - GET /admin -
146453  401 - GET /admin -
146453  200 - GET /admin -
146453  401 - GET /admin -
146453  200 - GET /admin -
146453  401 - GET /admin -
146453  200 - GET /admin -
146453  401 - GET /admin -
146453  200 - GET /admin -
146453  401 - GET /admin -
146453  200 - GET /admin -
146453  401 - GET /admin -
146453  200 - GET /admin -
146453  401 - GET /admin -
146453  200 - GET /admin -
146453  401 - GET /admin -
146453  200 - GET /admin -
146453  401 - GET /admin -
146453  200 - GET /admin -
146453  401 - GET /admin -
146453  200 - GET /admin -
146453  401 - GET /admin -
146453  401 - GET /admin -
146453  401 - GET /admin -
146453  200 - GET /admin -
146453  401 - GET /admin -
146453  401 - GET /admin -
146453  401 - GET /admin -
146453  200 - GET /admin -
146453  401 - GET /admin -
146453  200 - GET /admin -
146453  401 - GET /admin -
146453  200 - GET /admin -
146453  401 - GET /admin -
146453  200 - GET /admin -
146453  401 - GET /admin -
146453  200 - GET /admin -
146453  401 - GET /admin -
146453  200 - GET /admin -
146453  401 - GET /admin -
146453  200 - GET /admin -
146453  401 - GET /admin -
146453  200 - GET /admin -
146453  401 - GET /admin -
146453  200 - GET /admin -
146453  401 - GET /admin -
146453  200 - GET /admin -
146453  401 - GET /admin -
146453  200 - GET /admin -
146453  401 - GET /admin -
146453  200 - GET /admin -
146453  401 - GET /admin -
146453  200 - GET /admin -
146453  401 - GET /admin -
146453  200 - GET /admin -
146453  401 - GET /admin -
146453  200 - GET /admin -
146453  401 - GET /admin -
146453  200 - GET /admin -
146453  401 - GET /admin -
146453  200 - GET /admin -
146453  401 - GET /admin -
146453  200 - GET /admin -
146453  401 - GET /admin -
146453  200 - GET /admin -
146453  401 - GET /admin -
146453  200 - GET /admin -
146453  401 - GET /admin -
146453  200 - GET /admin -
146453  401 - GET /admin -
146453  200 - GET /admin -
146453  401 - GET /admin -
146453  200 - GET /admin -
146453  401 - GET /admin -
146453  200 - GET /admin -
146453  401 - GET /admin -
146453  200 - GET /admin -
146453  401 - GET /admin -
146453  200 - GET /admin -
146453  401 - GET /admin -
146453  200 - GET /admin -
146453  401 - GET /admin -
146453  200 - GET /admin -
146453  401 - GET /admin -
146453  200 - GET /admin -
146453  401 - GET /admin -
146453  200 - GET /admin -
146453  401 - GET /admin -
146453  200 - GET /admin -
146453  401 - GET /admin -
146453  200 - GET /admin -
146453  401 - GET /admin -
146453  200 - GET /admin -
146453  401 - GET /admin -
146453  200 - GET /admin -
146453  401 - GET /admin -
146453  200 - GET /admin -
146453  401 - GET /admin -
146453  200 - GET /admin -
146453  401 - GET /admin -
146453  200 - GET /admin -
146453  401 - GET /admin -
146453  200 - GET /admin -
146453  401 - GET /admin -
146453  200 - GET /admin -
146453  401 - GET /admin -
146453  200 - GET /admin -
146453  200 - GET /admin -
146453  200 - GET /admin -
146453  200 - GET /admin -
146453  200 - GET /admin -
146453  200 - GET /admin -
146453  200 - GET /admin -
146453  401 - GET /admin -
146453  200 - GET /admin -
146453  200 - GET /admin -
